WARNING:__main__:Running smaller batch size=4 for AlbertForMaskedLM, orig batch_size=8
cuda train AlbertForMaskedLM                   1.256x p=0.00
TIMING: entire_frame_compile:12.82503 backend_compile:11.11072
STATS: call_* op count: 439 | FakeTensorMode.__torch_dispatch__:32764 | FakeTensor.__torch_dispatch__:2286 | ProxyTorchDispatchMode.__torch_dispatch__:16429
Dynamo produced 1 graphs covering 439 ops with 4 graph breaks (3 unique)
WARNING:__main__:Running smaller batch size=4 for AlbertForQuestionAnswering, orig batch_size=8
cuda train AlbertForQuestionAnswering          1.259x p=0.00
TIMING: entire_frame_compile:11.91898 backend_compile:10.28048
STATS: call_* op count: 439 | FakeTensorMode.__torch_dispatch__:32646 | FakeTensor.__torch_dispatch__:2188 | ProxyTorchDispatchMode.__torch_dispatch__:16327
Dynamo produced 1 graphs covering 439 ops with 4 graph breaks (3 unique)
WARNING:__main__:Running smaller batch size=4 for AllenaiLongformerBase, orig batch_size=8
cuda train AllenaiLongformerBase               Traceback (most recent call last):
  File "/data/home/voz/miniconda3/envs/benchmarks/lib/python3.10/site-packages/torch/_inductor/graph.py", line 333, in call_function
    out = lowerings[target](*args, **kwargs)
  File "/data/home/voz/miniconda3/envs/benchmarks/lib/python3.10/site-packages/torch/_inductor/lowering.py", line 226, in wrapped
    validate_ir(out)
  File "/data/home/voz/miniconda3/envs/benchmarks/lib/python3.10/site-packages/torch/_inductor/ir.py", line 105, in validate_ir
    _check_tensorbox(node_or_nodes)
  File "/data/home/voz/miniconda3/envs/benchmarks/lib/python3.10/site-packages/torch/_inductor/ir.py", line 90, in _check_tensorbox
    assert isinstance(
AssertionError: Found <class 'torch._inductor.ir.DynamicScalar'>, which is not a supported top level IR node. See [Note: Inductor IR]
ERROR:common:Backend dynamo failed in warmup()
Traceback (most recent call last):
  File "/data/home/voz/miniconda3/envs/benchmarks/lib/python3.10/site-packages/torch/_inductor/graph.py", line 333, in call_function
    out = lowerings[target](*args, **kwargs)
  File "/data/home/voz/miniconda3/envs/benchmarks/lib/python3.10/site-packages/torch/_inductor/lowering.py", line 226, in wrapped
    validate_ir(out)
  File "/data/home/voz/miniconda3/envs/benchmarks/lib/python3.10/site-packages/torch/_inductor/ir.py", line 105, in validate_ir
    _check_tensorbox(node_or_nodes)
  File "/data/home/voz/miniconda3/envs/benchmarks/lib/python3.10/site-packages/torch/_inductor/ir.py", line 90, in _check_tensorbox
    assert isinstance(
AssertionError: Found <class 'torch._inductor.ir.DynamicScalar'>, which is not a supported top level IR node. See [Note: Inductor IR]

The above exception was the direct cause of the following exception:

Traceback (most recent call last):
  File "/data/home/voz/miniconda3/envs/benchmarks/lib/python3.10/site-packages/torch/_dynamo/output_graph.py", line 670, in call_user_compiler
    compiled_fn = compiler_fn(gm, self.fake_example_inputs())
  File "/data/home/voz/miniconda3/envs/benchmarks/lib/python3.10/site-packages/torch/_dynamo/debug_utils.py", line 1055, in debug_wrapper
    compiled_gm = compiler_fn(gm, example_inputs)
  File "/data/home/voz/miniconda3/envs/benchmarks/lib/python3.10/site-packages/torch/_dynamo/backends/inductor.py", line 9, in inductor
    return compile_fx(*args, **kwargs)
  File "/data/home/voz/miniconda3/envs/benchmarks/lib/python3.10/site-packages/torch/_inductor/compile_fx.py", line 455, in compile_fx
    return aot_autograd(
  File "/data/home/voz/miniconda3/envs/benchmarks/lib/python3.10/site-packages/torch/_dynamo/backends/common.py", line 48, in compiler_fn
    cg = aot_module_simplified(gm, example_inputs, **kwargs)
  File "/data/home/voz/miniconda3/envs/benchmarks/lib/python3.10/site-packages/torch/_functorch/aot_autograd.py", line 2805, in aot_module_simplified
    compiled_fn = create_aot_dispatcher_function(
  File "/data/home/voz/miniconda3/envs/benchmarks/lib/python3.10/site-packages/torch/_dynamo/utils.py", line 163, in time_wrapper
    r = func(*args, **kwargs)
  File "/data/home/voz/miniconda3/envs/benchmarks/lib/python3.10/site-packages/torch/_functorch/aot_autograd.py", line 2498, in create_aot_dispatcher_function
    compiled_fn = compiler_fn(flat_fn, fake_flat_args, aot_config)
  File "/data/home/voz/miniconda3/envs/benchmarks/lib/python3.10/site-packages/torch/_functorch/aot_autograd.py", line 1713, in aot_wrapper_dedupe
    return compiler_fn(flat_fn, leaf_flat_args, aot_config)
  File "/data/home/voz/miniconda3/envs/benchmarks/lib/python3.10/site-packages/torch/_functorch/aot_autograd.py", line 1326, in aot_dispatch_base
    compiled_fw = aot_config.fw_compiler(fw_module, flat_args_with_views_handled)
  File "/data/home/voz/miniconda3/envs/benchmarks/lib/python3.10/site-packages/torch/_dynamo/utils.py", line 163, in time_wrapper
    r = func(*args, **kwargs)
  File "/data/home/voz/miniconda3/envs/benchmarks/lib/python3.10/site-packages/torch/_inductor/compile_fx.py", line 430, in fw_compiler
    return inner_compile(
  File "/data/home/voz/miniconda3/envs/benchmarks/lib/python3.10/site-packages/torch/_dynamo/debug_utils.py", line 595, in debug_wrapper
    compiled_fn = compiler_fn(gm, example_inputs)
  File "/data/home/voz/miniconda3/envs/benchmarks/lib/python3.10/site-packages/torch/_inductor/debug.py", line 239, in inner
    return fn(*args, **kwargs)
  File "/data/home/voz/miniconda3/envs/benchmarks/lib/python3.10/contextlib.py", line 79, in inner
    return func(*args, **kwds)
  File "/data/home/voz/miniconda3/envs/benchmarks/lib/python3.10/site-packages/torch/_inductor/compile_fx.py", line 176, in compile_fx_inner
    graph.run(*example_inputs)
  File "/data/home/voz/miniconda3/envs/benchmarks/lib/python3.10/site-packages/torch/_dynamo/utils.py", line 163, in time_wrapper
    r = func(*args, **kwargs)
  File "/data/home/voz/miniconda3/envs/benchmarks/lib/python3.10/site-packages/torch/_inductor/graph.py", line 194, in run
    return super().run(*args)
  File "/data/home/voz/miniconda3/envs/benchmarks/lib/python3.10/site-packages/torch/fx/interpreter.py", line 136, in run
    self.env[node] = self.run_node(node)
  File "/data/home/voz/miniconda3/envs/benchmarks/lib/python3.10/site-packages/torch/_inductor/graph.py", line 407, in run_node
    result = super().run_node(n)
  File "/data/home/voz/miniconda3/envs/benchmarks/lib/python3.10/site-packages/torch/fx/interpreter.py", line 177, in run_node
    return getattr(self, n.op)(n.target, args, kwargs)
  File "/data/home/voz/miniconda3/envs/benchmarks/lib/python3.10/site-packages/torch/_inductor/graph.py", line 337, in call_function
    raise LoweringException(e, target, args, kwargs) from e
torch._inductor.exc.LoweringException: AssertionError: Found <class 'torch._inductor.ir.DynamicScalar'>, which is not a supported top level IR node. See [Note: Inductor IR]
  target: aten._local_scalar_dense.default
  args[0]: TensorBox(StorageBox(
    Pointwise(
      'cpu',
      torch.int64,
      tmp0 = constant(1024, torch.int64)
      tmp1 = constant(512, torch.int64)
      tmp2 = truncdiv(tmp0, tmp1)
      return tmp2
      ,
      ranges=(),
      origins={div}
    )
  ))

While executing %_local_scalar_dense : [#users=0] = call_function[target=torch.ops.aten._local_scalar_dense.default](args = (%div,), kwargs = {})
Original traceback:
  File "/data/home/voz/miniconda3/envs/benchmarks/lib/python3.10/site-packages/transformers/models/longformer/modeling_longformer.py", line 769, in _chunk
    hidden_states = hidden_states.view(
 |   File "/data/home/voz/miniconda3/envs/benchmarks/lib/python3.10/site-packages/transformers/models/longformer/modeling_longformer.py", line 839, in <graph break in _sliding_chunks_query_key_matmul>
    query = self._chunk(query, window_overlap, getattr(self.config, "onnx_export", False))


The above exception was the direct cause of the following exception:

Traceback (most recent call last):
  File "/scratch/voz/work/pytorch/benchmarks/dynamo/common.py", line 1376, in warmup
    fn(model, example_inputs)
  File "/data/home/voz/miniconda3/envs/benchmarks/lib/python3.10/site-packages/torch/_dynamo/eval_frame.py", line 209, in _fn
    return fn(*args, **kwargs)
  File "/scratch/voz/work/pytorch/benchmarks/dynamo/huggingface.py", line 487, in forward_and_backward_pass
    cloned_inputs = clone_inputs(inputs)
  File "/scratch/voz/work/pytorch/benchmarks/dynamo/huggingface.py", line 488, in <graph break in forward_and_backward_pass>
    self.optimizer_zero_grad(mod)
  File "/scratch/voz/work/pytorch/benchmarks/dynamo/huggingface.py", line 490, in <graph break in forward_and_backward_pass>
    pred = mod(**cloned_inputs)
  File "/data/home/voz/miniconda3/envs/benchmarks/lib/python3.10/site-packages/torch/nn/modules/module.py", line 1501, in _call_impl
    return forward_call(*args, **kwargs)
  File "/data/home/voz/miniconda3/envs/benchmarks/lib/python3.10/site-packages/transformers/models/longformer/modeling_longformer.py", line 1848, in forward
    outputs = self.longformer(
  File "/data/home/voz/miniconda3/envs/benchmarks/lib/python3.10/site-packages/torch/nn/modules/module.py", line 1501, in _call_impl
    return forward_call(*args, **kwargs)
  File "/data/home/voz/miniconda3/envs/benchmarks/lib/python3.10/site-packages/transformers/models/longformer/modeling_longformer.py", line 1750, in forward
    encoder_outputs = self.encoder(
  File "/data/home/voz/miniconda3/envs/benchmarks/lib/python3.10/site-packages/torch/nn/modules/module.py", line 1501, in _call_impl
    return forward_call(*args, **kwargs)
  File "/data/home/voz/miniconda3/envs/benchmarks/lib/python3.10/site-packages/transformers/models/longformer/modeling_longformer.py", line 1294, in forward
    is_global_attn = is_index_global_attn.flatten().any().item()
  File "/data/home/voz/miniconda3/envs/benchmarks/lib/python3.10/site-packages/transformers/models/longformer/modeling_longformer.py", line 1326, in <graph break in forward>
    layer_outputs = layer_module(
  File "/data/home/voz/miniconda3/envs/benchmarks/lib/python3.10/site-packages/torch/nn/modules/module.py", line 1501, in _call_impl
    return forward_call(*args, **kwargs)
  File "/data/home/voz/miniconda3/envs/benchmarks/lib/python3.10/site-packages/transformers/models/longformer/modeling_longformer.py", line 1249, in forward
    self_attn_outputs = self.attention(
  File "/data/home/voz/miniconda3/envs/benchmarks/lib/python3.10/site-packages/torch/nn/modules/module.py", line 1501, in _call_impl
    return forward_call(*args, **kwargs)
  File "/data/home/voz/miniconda3/envs/benchmarks/lib/python3.10/site-packages/transformers/models/longformer/modeling_longformer.py", line 1185, in forward
    self_outputs = self.self(
  File "/data/home/voz/miniconda3/envs/benchmarks/lib/python3.10/site-packages/torch/nn/modules/module.py", line 1501, in _call_impl
    return forward_call(*args, **kwargs)
  File "/data/home/voz/miniconda3/envs/benchmarks/lib/python3.10/site-packages/transformers/models/longformer/modeling_longformer.py", line 574, in forward
    attn_scores = self._sliding_chunks_query_key_matmul(
  File "/data/home/voz/miniconda3/envs/benchmarks/lib/python3.10/site-packages/transformers/models/longformer/modeling_longformer.py", line 586, in <graph break in forward>
    diagonal_mask = self._sliding_chunks_query_key_matmul(
  File "/data/home/voz/miniconda3/envs/benchmarks/lib/python3.10/site-packages/transformers/models/longformer/modeling_longformer.py", line 839, in _sliding_chunks_query_key_matmul
    query = self._chunk(query, window_overlap, getattr(self.config, "onnx_export", False))
  File "/data/home/voz/miniconda3/envs/benchmarks/lib/python3.10/site-packages/torch/_dynamo/eval_frame.py", line 337, in catch_errors
    return callback(frame, cache_size, hooks)
  File "/data/home/voz/miniconda3/envs/benchmarks/lib/python3.10/site-packages/torch/_dynamo/convert_frame.py", line 404, in _convert_frame
    result = inner_convert(frame, cache_size, hooks)
  File "/data/home/voz/miniconda3/envs/benchmarks/lib/python3.10/site-packages/torch/_dynamo/convert_frame.py", line 104, in _fn
    return fn(*args, **kwargs)
  File "/data/home/voz/miniconda3/envs/benchmarks/lib/python3.10/site-packages/torch/_dynamo/convert_frame.py", line 262, in _convert_frame_assert
    return _compile(
  File "/data/home/voz/miniconda3/envs/benchmarks/lib/python3.10/site-packages/torch/_dynamo/utils.py", line 163, in time_wrapper
    r = func(*args, **kwargs)
  File "/data/home/voz/miniconda3/envs/benchmarks/lib/python3.10/site-packages/torch/_dynamo/convert_frame.py", line 324, in _compile
    out_code = transform_code_object(code, transform)
  File "/data/home/voz/miniconda3/envs/benchmarks/lib/python3.10/site-packages/torch/_dynamo/bytecode_transformation.py", line 445, in transform_code_object
    transformations(instructions, code_options)
  File "/data/home/voz/miniconda3/envs/benchmarks/lib/python3.10/site-packages/torch/_dynamo/convert_frame.py", line 311, in transform
    tracer.run()
  File "/data/home/voz/miniconda3/envs/benchmarks/lib/python3.10/site-packages/torch/_dynamo/symbolic_convert.py", line 1726, in run
    super().run()
  File "/data/home/voz/miniconda3/envs/benchmarks/lib/python3.10/site-packages/torch/_dynamo/symbolic_convert.py", line 576, in run
    and self.step()
  File "/data/home/voz/miniconda3/envs/benchmarks/lib/python3.10/site-packages/torch/_dynamo/symbolic_convert.py", line 540, in step
    getattr(self, inst.opname)(inst)
  File "/data/home/voz/miniconda3/envs/benchmarks/lib/python3.10/site-packages/torch/_dynamo/symbolic_convert.py", line 372, in wrapper
    self.output.compile_subgraph(self, reason=reason)
  File "/data/home/voz/miniconda3/envs/benchmarks/lib/python3.10/site-packages/torch/_dynamo/output_graph.py", line 541, in compile_subgraph
    self.compile_and_call_fx_graph(tx, pass2.graph_output_vars(), root)
  File "/data/home/voz/miniconda3/envs/benchmarks/lib/python3.10/site-packages/torch/_dynamo/output_graph.py", line 588, in compile_and_call_fx_graph
    compiled_fn = self.call_user_compiler(gm)
  File "/data/home/voz/miniconda3/envs/benchmarks/lib/python3.10/site-packages/torch/_dynamo/utils.py", line 163, in time_wrapper
    r = func(*args, **kwargs)
  File "/data/home/voz/miniconda3/envs/benchmarks/lib/python3.10/site-packages/torch/_dynamo/output_graph.py", line 675, in call_user_compiler
    raise BackendCompilerFailed(self.compiler_fn, e) from e
torch._dynamo.exc.BackendCompilerFailed: inductor raised LoweringException: AssertionError: Found <class 'torch._inductor.ir.DynamicScalar'>, which is not a supported top level IR node. See [Note: Inductor IR]
  target: aten._local_scalar_dense.default
  args[0]: TensorBox(StorageBox(
    Pointwise(
      'cpu',
      torch.int64,
      tmp0 = constant(1024, torch.int64)
      tmp1 = constant(512, torch.int64)
      tmp2 = truncdiv(tmp0, tmp1)
      return tmp2
      ,
      ranges=(),
      origins={div}
    )
  ))

While executing %_local_scalar_dense : [#users=0] = call_function[target=torch.ops.aten._local_scalar_dense.default](args = (%div,), kwargs = {})
Original traceback:
  File "/data/home/voz/miniconda3/envs/benchmarks/lib/python3.10/site-packages/transformers/models/longformer/modeling_longformer.py", line 769, in _chunk
    hidden_states = hidden_states.view(
 |   File "/data/home/voz/miniconda3/envs/benchmarks/lib/python3.10/site-packages/transformers/models/longformer/modeling_longformer.py", line 839, in <graph break in _sliding_chunks_query_key_matmul>
    query = self._chunk(query, window_overlap, getattr(self.config, "onnx_export", False))


Set torch._dynamo.config.verbose=True for more information


You can suppress this exception and fall back to eager by setting:
    torch._dynamo.config.suppress_errors = True

ERROR
WARNING:__main__:Running smaller batch size=4 for BartForCausalLM, orig batch_size=8
cuda train BartForCausalLM                     1.116x p=0.00
TIMING: entire_frame_compile:13.61117 backend_compile:10.51562
STATS: call_* op count: 482 | FakeTensorMode.__torch_dispatch__:37950 | FakeTensor.__torch_dispatch__:8071 | ProxyTorchDispatchMode.__torch_dispatch__:16480
Dynamo produced 14 graphs covering 482 ops with 11 graph breaks (8 unique)
WARNING:__main__:Running smaller batch size=2 for BartForConditionalGeneration, orig batch_size=4
cuda train BartForConditionalGeneration        1.090x p=0.00
TIMING: entire_frame_compile:32.68333 backend_compile:26.21212
STATS: call_* op count: 1258 | FakeTensorMode.__torch_dispatch__:92404 | FakeTensor.__torch_dispatch__:17470 | ProxyTorchDispatchMode.__torch_dispatch__:41672
Dynamo produced 1 graphs covering 1258 ops with 4 graph breaks (3 unique)
WARNING:__main__:Running smaller batch size=16 for BertForMaskedLM, orig batch_size=32
cuda train BertForMaskedLM                     1.178x p=0.00
TIMING: entire_frame_compile:15.19902 backend_compile:12.3092
STATS: call_* op count: 370 | FakeTensorMode.__torch_dispatch__:38638 | FakeTensor.__torch_dispatch__:7272 | ProxyTorchDispatchMode.__torch_dispatch__:16956
Dynamo produced 1 graphs covering 370 ops with 4 graph breaks (3 unique)
WARNING:__main__:Running smaller batch size=16 for BertForQuestionAnswering, orig batch_size=32
cuda train BertForQuestionAnswering            1.254x p=0.00
TIMING: entire_frame_compile:15.0496 backend_compile:12.2443
STATS: call_* op count: 377 | FakeTensorMode.__torch_dispatch__:38695 | FakeTensor.__torch_dispatch__:7174 | ProxyTorchDispatchMode.__torch_dispatch__:16952
Dynamo produced 1 graphs covering 377 ops with 4 graph breaks (3 unique)
WARNING:__main__:Running smaller batch size=4 for BlenderbotForCausalLM, orig batch_size=32
cuda train BlenderbotForCausalLM               ERROR:common:Backend dynamo failed in warmup()
Traceback (most recent call last):
  File "/scratch/voz/work/pytorch/benchmarks/dynamo/common.py", line 1376, in warmup
    fn(model, example_inputs)
  File "/data/home/voz/miniconda3/envs/benchmarks/lib/python3.10/site-packages/torch/_dynamo/eval_frame.py", line 209, in _fn
    return fn(*args, **kwargs)
  File "/scratch/voz/work/pytorch/benchmarks/dynamo/huggingface.py", line 487, in forward_and_backward_pass
    cloned_inputs = clone_inputs(inputs)
  File "/scratch/voz/work/pytorch/benchmarks/dynamo/huggingface.py", line 488, in <graph break in forward_and_backward_pass>
    self.optimizer_zero_grad(mod)
  File "/scratch/voz/work/pytorch/benchmarks/dynamo/huggingface.py", line 495, in <graph break in forward_and_backward_pass>
    return collect_results(mod, pred, loss, cloned_inputs)
  File "/data/home/voz/miniconda3/envs/benchmarks/lib/python3.10/site-packages/torch/_dynamo/testing.py", line 80, in collect_results
    grad = torch.zeros_like(param)
torch.cuda.OutOfMemoryError: CUDA out of memory. Tried to allocate 26.00 MiB (GPU 0; 39.56 GiB total capacity; 37.01 GiB already allocated; 8.56 MiB free; 38.94 GiB reserved in total by PyTorch) If reserved memory is >> allocated memory try setting max_split_size_mb to avoid fragmentation.  See documentation for Memory Management and PYTORCH_CUDA_ALLOC_CONF
ERROR
WARNING:__main__:Running smaller batch size=64 for BlenderbotSmallForCausalLM, orig batch_size=256
cuda train BlenderbotSmallForCausalLM          0.991x p=0.00
TIMING: entire_frame_compile:10.27014 backend_compile:8.04012
STATS: call_* op count: 327 | FakeTensorMode.__torch_dispatch__:25947 | FakeTensor.__torch_dispatch__:5495 | ProxyTorchDispatchMode.__torch_dispatch__:11161
Dynamo produced 10 graphs covering 327 ops with 11 graph breaks (8 unique)
WARNING:__main__:Running smaller batch size=64 for BlenderbotSmallForConditionalGeneration, orig batch_size=128
cuda train BlenderbotSmallForConditionalGeneration  1.060x p=0.00
TIMING: entire_frame_compile:21.9076 backend_compile:17.53968
STATS: call_* op count: 840 | FakeTensorMode.__torch_dispatch__:61987 | FakeTensor.__torch_dispatch__:11732 | ProxyTorchDispatchMode.__torch_dispatch__:27986
Dynamo produced 1 graphs covering 840 ops with 4 graph breaks (3 unique)
WARNING:__main__:Running smaller batch size=16 for CamemBert, orig batch_size=32
cuda train CamemBert                           1.179x p=0.00
TIMING: entire_frame_compile:14.52482 backend_compile:11.71417
STATS: call_* op count: 377 | FakeTensorMode.__torch_dispatch__:38728 | FakeTensor.__torch_dispatch__:7272 | ProxyTorchDispatchMode.__torch_dispatch__:16975
Dynamo produced 1 graphs covering 377 ops with 4 graph breaks (3 unique)
WARNING:__main__:Running smaller batch size=4 for DebertaForMaskedLM, orig batch_size=32
cuda train DebertaForMaskedLM                  0.950x p=0.00
TIMING: entire_frame_compile:16.06402 backend_compile:11.52133
STATS: call_* op count: 720 | FakeTensorMode.__torch_dispatch__:43851 | FakeTensor.__torch_dispatch__:7620 | ProxyTorchDispatchMode.__torch_dispatch__:18440
Dynamo produced 92 graphs covering 720 ops with 154 graph breaks (12 unique)
WARNING:__main__:Running smaller batch size=8 for DebertaForQuestionAnswering, orig batch_size=32
cuda train DebertaForQuestionAnswering         0.973x p=0.00
TIMING: entire_frame_compile:16.1107 backend_compile:11.5622
STATS: call_* op count: 727 | FakeTensorMode.__torch_dispatch__:43908 | FakeTensor.__torch_dispatch__:7522 | ProxyTorchDispatchMode.__torch_dispatch__:18436
Dynamo produced 92 graphs covering 727 ops with 154 graph breaks (12 unique)
WARNING:__main__:Running smaller batch size=1 for DebertaV2ForMaskedLM, orig batch_size=8
cuda train DebertaV2ForMaskedLM                   function: 'forward' (/data/home/voz/miniconda3/envs/benchmarks/lib/python3.10/site-packages/transformers/models/deberta_v2/modeling_deberta_v2.py:226)
   reasons:  ___check_obj_id(self, 140388882410144)
to diagnose recompilation issues, see https://pytorch.org/docs/master/dynamo/troubleshooting.html.
0.798x p=0.00
TIMING: entire_frame_compile:25.96889 backend_compile:17.10997
STATS: call_* op count: 925 | FakeTensorMode.__torch_dispatch__:76218 | FakeTensor.__torch_dispatch__:18414 | ProxyTorchDispatchMode.__torch_dispatch__:29741
Dynamo produced 176 graphs covering 925 ops with 277 graph breaks (12 unique)
WARNING:__main__:Running smaller batch size=2 for DebertaV2ForQuestionAnswering, orig batch_size=8
cuda train DebertaV2ForQuestionAnswering          function: 'forward' (/data/home/voz/miniconda3/envs/benchmarks/lib/python3.10/site-packages/transformers/models/deberta_v2/modeling_deberta_v2.py:226)
   reasons:  ___check_obj_id(self, 140043212337552)
to diagnose recompilation issues, see https://pytorch.org/docs/master/dynamo/troubleshooting.html.
0.837x p=0.00
TIMING: entire_frame_compile:26.50248 backend_compile:17.5632
STATS: call_* op count: 932 | FakeTensorMode.__torch_dispatch__:76327 | FakeTensor.__torch_dispatch__:18316 | ProxyTorchDispatchMode.__torch_dispatch__:29692
Dynamo produced 176 graphs covering 932 ops with 277 graph breaks (12 unique)
WARNING:__main__:Running smaller batch size=128 for DistilBertForMaskedLM, orig batch_size=256
WARNING:__main__:Sequence Length not defined for DistilBertForMaskedLM. Choosing 128 arbitrarily
cuda train DistilBertForMaskedLM               1.018x p=0.00
TIMING: entire_frame_compile:9.24978 backend_compile:7.83655
STATS: call_* op count: 206 | FakeTensorMode.__torch_dispatch__:19304 | FakeTensor.__torch_dispatch__:3578 | ProxyTorchDispatchMode.__torch_dispatch__:8702
Dynamo produced 1 graphs covering 206 ops with 4 graph breaks (3 unique)
WARNING:__main__:Running smaller batch size=256 for DistilBertForQuestionAnswering, orig batch_size=512
WARNING:__main__:Sequence Length not defined for DistilBertForQuestionAnswering. Choosing 128 arbitrarily
cuda train DistilBertForQuestionAnswering      1.118x p=0.00
TIMING: entire_frame_compile:8.79336 backend_compile:7.4006
STATS: call_* op count: 214 | FakeTensorMode.__torch_dispatch__:19479 | FakeTensor.__torch_dispatch__:3480 | ProxyTorchDispatchMode.__torch_dispatch__:8740
Dynamo produced 1 graphs covering 214 ops with 4 graph breaks (3 unique)
WARNING:__main__:Running smaller batch size=16 for DistillGPT2, orig batch_size=32
cuda train DistillGPT2                         1.370x p=0.00
TIMING: entire_frame_compile:9.51621 backend_compile:8.10356
STATS: call_* op count: 330 | FakeTensorMode.__torch_dispatch__:18440 | FakeTensor.__torch_dispatch__:2505 | ProxyTorchDispatchMode.__torch_dispatch__:7987
Dynamo produced 1 graphs covering 330 ops with 4 graph breaks (3 unique)
If you want to use `ElectraForCausalLM` as a standalone, add `is_decoder=True.`
WARNING:__main__:Running smaller batch size=32 for ElectraForCausalLM, orig batch_size=64
cuda train ElectraForCausalLM                  1.382x p=0.00
TIMING: entire_frame_compile:15.07531 backend_compile:12.15273
STATS: call_* op count: 375 | FakeTensorMode.__torch_dispatch__:39172 | FakeTensor.__torch_dispatch__:7380 | ProxyTorchDispatchMode.__torch_dispatch__:17157
Dynamo produced 4 graphs covering 375 ops with 7 graph breaks (5 unique)
WARNING:__main__:Running smaller batch size=64 for ElectraForQuestionAnswering, orig batch_size=128
cuda train ElectraForQuestionAnswering         1.409x p=0.00
TIMING: entire_frame_compile:15.05979 backend_compile:12.16578
STATS: call_* op count: 378 | FakeTensorMode.__torch_dispatch__:38939 | FakeTensor.__torch_dispatch__:7246 | ProxyTorchDispatchMode.__torch_dispatch__:17050
Dynamo produced 1 graphs covering 378 ops with 4 graph breaks (3 unique)
WARNING:__main__:Running smaller batch size=4 for GPT2ForSequenceClassification, orig batch_size=8
cuda train GPT2ForSequenceClassification       1.636x p=0.00
TIMING: entire_frame_compile:14.82448 backend_compile:12.31479
STATS: call_* op count: 644 | FakeTensorMode.__torch_dispatch__:35339 | FakeTensor.__torch_dispatch__:4889 | ProxyTorchDispatchMode.__torch_dispatch__:15380
Dynamo produced 1 graphs covering 644 ops with 4 graph breaks (3 unique)
WARNING:__main__:Running smaller batch size=16 for GoogleFnet, orig batch_size=32
cuda train GoogleFnet                          1.410x p=0.00
TIMING: entire_frame_compile:9.0044 backend_compile:7.39077
STATS: call_* op count: 209 | FakeTensorMode.__torch_dispatch__:17693 | FakeTensor.__torch_dispatch__:3990 | ProxyTorchDispatchMode.__torch_dispatch__:8101
Dynamo produced 28 graphs covering 209 ops with 45 graph breaks (7 unique)
WARNING:__main__:Running smaller batch size=16 for LayoutLMForMaskedLM, orig batch_size=32
cuda train LayoutLMForMaskedLM                 1.176x p=0.00
TIMING: entire_frame_compile:15.61489 backend_compile:12.40561
STATS: call_* op count: 396 | FakeTensorMode.__torch_dispatch__:40411 | FakeTensor.__torch_dispatch__:7872 | ProxyTorchDispatchMode.__torch_dispatch__:17357
Dynamo produced 1 graphs covering 396 ops with 4 graph breaks (3 unique)
WARNING:__main__:Running smaller batch size=16 for LayoutLMForSequenceClassification, orig batch_size=32
cuda train LayoutLMForSequenceClassification   1.267x p=0.00
TIMING: entire_frame_compile:15.24193 backend_compile:12.21898
STATS: call_* op count: 394 | FakeTensorMode.__torch_dispatch__:40136 | FakeTensor.__torch_dispatch__:7817 | ProxyTorchDispatchMode.__torch_dispatch__:17259
Dynamo produced 1 graphs covering 394 ops with 4 graph breaks (3 unique)
WARNING:__main__:Running smaller batch size=16 for M2M100ForConditionalGeneration, orig batch_size=64
WARNING:__main__:Sequence Length not defined for M2M100ForConditionalGeneration. Choosing 128 arbitrarily
cuda train M2M100ForConditionalGeneration      1.047x p=0.00
TIMING: entire_frame_compile:35.25809 backend_compile:24.81065
STATS: call_* op count: 1270 | FakeTensorMode.__torch_dispatch__:101033 | FakeTensor.__torch_dispatch__:25551 | ProxyTorchDispatchMode.__torch_dispatch__:43915
Dynamo produced 20 graphs covering 1270 ops with 26 graph breaks (7 unique)
WARNING:__main__:Running smaller batch size=4 for MBartForCausalLM, orig batch_size=8
cuda train MBartForCausalLM                    1.116x p=0.00
TIMING: entire_frame_compile:14.29904 backend_compile:11.09444
STATS: call_* op count: 481 | FakeTensorMode.__torch_dispatch__:37981 | FakeTensor.__torch_dispatch__:8147 | ProxyTorchDispatchMode.__torch_dispatch__:16490
Dynamo produced 14 graphs covering 481 ops with 11 graph breaks (8 unique)
WARNING:__main__:Running smaller batch size=2 for MBartForConditionalGeneration, orig batch_size=4
cuda train MBartForConditionalGeneration       1.088x p=0.00
TIMING: entire_frame_compile:34.11178 backend_compile:26.18419
STATS: call_* op count: 1263 | FakeTensorMode.__torch_dispatch__:92790 | FakeTensor.__torch_dispatch__:17596 | ProxyTorchDispatchMode.__torch_dispatch__:41857
Dynamo produced 1 graphs covering 1263 ops with 4 graph breaks (3 unique)
WARNING:__main__:Running smaller batch size=16 for MT5ForConditionalGeneration, orig batch_size=32
WARNING:__main__:Sequence Length not defined for MT5ForConditionalGeneration. Choosing 128 arbitrarily
cuda train MT5ForConditionalGeneration         1.362x p=0.00
TIMING: entire_frame_compile:25.33986 backend_compile:19.57008
STATS: call_* op count: 1173 | FakeTensorMode.__torch_dispatch__:73725 | FakeTensor.__torch_dispatch__:7989 | ProxyTorchDispatchMode.__torch_dispatch__:36282
Dynamo produced 1 graphs covering 1173 ops with 4 graph breaks (3 unique)
If you want to use `MegatronBertForCausalLM` as a standalone, add `is_decoder=True.`
WARNING:__main__:Running smaller batch size=4 for MegatronBertForCausalLM, orig batch_size=16
cuda train MegatronBertForCausalLM             1.145x p=0.00
TIMING: entire_frame_compile:27.55699 backend_compile:21.38853
STATS: call_* op count: 721 | FakeTensorMode.__torch_dispatch__:75662 | FakeTensor.__torch_dispatch__:14184 | ProxyTorchDispatchMode.__torch_dispatch__:33260
Dynamo produced 1 graphs covering 721 ops with 4 graph breaks (3 unique)
WARNING:__main__:Running smaller batch size=8 for MegatronBertForQuestionAnswering, orig batch_size=16
cuda train MegatronBertForQuestionAnswering    1.195x p=0.00
TIMING: entire_frame_compile:28.58085 backend_compile:22.39757
STATS: call_* op count: 724 | FakeTensorMode.__torch_dispatch__:75535 | FakeTensor.__torch_dispatch__:14086 | ProxyTorchDispatchMode.__torch_dispatch__:33181
Dynamo produced 1 graphs covering 724 ops with 4 graph breaks (3 unique)
WARNING:__main__:Running smaller batch size=64 for MobileBertForMaskedLM, orig batch_size=256
cuda train MobileBertForMaskedLM               1.241x p=0.00
TIMING: entire_frame_compile:37.06471 backend_compile:29.48598
STATS: call_* op count: 1447 | FakeTensorMode.__torch_dispatch__:136164 | FakeTensor.__torch_dispatch__:8406 | ProxyTorchDispatchMode.__torch_dispatch__:62226
Dynamo produced 1 graphs covering 1447 ops with 3 graph breaks (2 unique)
WARNING:__main__:Running smaller batch size=128 for MobileBertForQuestionAnswering, orig batch_size=256
cuda train MobileBertForQuestionAnswering      1.241x p=0.00
TIMING: entire_frame_compile:36.20626 backend_compile:29.43997
STATS: call_* op count: 1451 | FakeTensorMode.__torch_dispatch__:136187 | FakeTensor.__torch_dispatch__:8391 | ProxyTorchDispatchMode.__torch_dispatch__:62176
Dynamo produced 1 graphs covering 1451 ops with 3 graph breaks (2 unique)
WARNING:__main__:Running smaller batch size=2 for OPTForCausalLM, orig batch_size=4
cuda train OPTForCausalLM                      Traceback (most recent call last):
  File "/scratch/voz/work/pytorch/benchmarks/dynamo/huggingface.py", line 593, in <module>
    huggingface_main()
  File "/scratch/voz/work/pytorch/benchmarks/dynamo/huggingface.py", line 589, in huggingface_main
    main(HuggingfaceRunner())
  File "/scratch/voz/work/pytorch/benchmarks/dynamo/common.py", line 1919, in main
    return maybe_fresh_cache(
  File "/scratch/voz/work/pytorch/benchmarks/dynamo/common.py", line 988, in inner
    return fn(*args, **kwargs)
  File "/scratch/voz/work/pytorch/benchmarks/dynamo/common.py", line 2308, in run
    runner.run_one_model(
  File "/scratch/voz/work/pytorch/benchmarks/dynamo/common.py", line 1473, in run_one_model
    status = self.run_performance_test(
  File "/scratch/voz/work/pytorch/benchmarks/dynamo/common.py", line 1446, in run_performance_test
    results.append(experiment(model, example_inputs, **experiment_kwargs))
  File "/scratch/voz/work/pytorch/benchmarks/dynamo/common.py", line 618, in speedup_experiment
    timings[rep, 0], expected_output = timed(
  File "/scratch/voz/work/pytorch/benchmarks/dynamo/common.py", line 426, in timed
    result = model_iter_fn(model, example_inputs, collect_outputs=collect_outputs)
  File "/scratch/voz/work/pytorch/benchmarks/dynamo/huggingface.py", line 490, in forward_and_backward_pass
    pred = mod(**cloned_inputs)
  File "/data/home/voz/miniconda3/envs/benchmarks/lib/python3.10/site-packages/torch/nn/modules/module.py", line 1501, in _call_impl
    return forward_call(*args, **kwargs)
  File "/data/home/voz/miniconda3/envs/benchmarks/lib/python3.10/site-packages/transformers/models/opt/modeling_opt.py", line 930, in forward
    outputs = self.model.decoder(
  File "/data/home/voz/miniconda3/envs/benchmarks/lib/python3.10/site-packages/torch/nn/modules/module.py", line 1501, in _call_impl
    return forward_call(*args, **kwargs)
  File "/data/home/voz/miniconda3/envs/benchmarks/lib/python3.10/site-packages/transformers/models/opt/modeling_opt.py", line 696, in forward
    layer_outputs = decoder_layer(
  File "/data/home/voz/miniconda3/envs/benchmarks/lib/python3.10/site-packages/torch/nn/modules/module.py", line 1501, in _call_impl
    return forward_call(*args, **kwargs)
  File "/data/home/voz/miniconda3/envs/benchmarks/lib/python3.10/site-packages/transformers/models/opt/modeling_opt.py", line 326, in forward
    hidden_states, self_attn_weights, present_key_value = self.self_attn(
  File "/data/home/voz/miniconda3/envs/benchmarks/lib/python3.10/site-packages/torch/nn/modules/module.py", line 1501, in _call_impl
    return forward_call(*args, **kwargs)
  File "/data/home/voz/miniconda3/envs/benchmarks/lib/python3.10/site-packages/transformers/models/opt/modeling_opt.py", line 229, in forward
    attn_weights = nn.functional.softmax(attn_weights, dim=-1)
  File "/data/home/voz/miniconda3/envs/benchmarks/lib/python3.10/site-packages/torch/nn/functional.py", line 1843, in softmax
    ret = input.softmax(dim)
torch.cuda.OutOfMemoryError: CUDA out of memory. Tried to allocate 384.00 MiB (GPU 0; 39.56 GiB total capacity; 22.63 GiB already allocated; 382.56 MiB free; 38.62 GiB reserved in total by PyTorch) If reserved memory is >> allocated memory try setting max_split_size_mb to avoid fragmentation.  See documentation for Memory Management and PYTORCH_CUDA_ALLOC_CONF
ERROR
WARNING:__main__:Running smaller batch size=8 for PLBartForCausalLM, orig batch_size=16
cuda train PLBartForCausalLM                   1.210x p=0.00
TIMING: entire_frame_compile:9.19534 backend_compile:7.2797
STATS: call_* op count: 254 | FakeTensorMode.__torch_dispatch__:20720 | FakeTensor.__torch_dispatch__:4207 | ProxyTorchDispatchMode.__torch_dispatch__:8758
Dynamo produced 8 graphs covering 254 ops with 11 graph breaks (8 unique)
WARNING:__main__:Running smaller batch size=4 for PLBartForConditionalGeneration, orig batch_size=8
cuda train PLBartForConditionalGeneration      1.205x p=0.00
TIMING: entire_frame_compile:19.11091 backend_compile:14.42177
STATS: call_* op count: 658 | FakeTensorMode.__torch_dispatch__:54452 | FakeTensor.__torch_dispatch__:10696 | ProxyTorchDispatchMode.__torch_dispatch__:22493
Dynamo produced 10 graphs covering 658 ops with 14 graph breaks (7 unique)
WARNING:__main__:Running smaller batch size=32 for PegasusForCausalLM, orig batch_size=128
WARNING:__main__:Sequence Length not defined for PegasusForCausalLM. Choosing 128 arbitrarily
cuda train PegasusForCausalLM                  0.989x SAME
TIMING: entire_frame_compile:16.01122 backend_compile:10.59878
STATS: call_* op count: 478 | FakeTensorMode.__torch_dispatch__:37418 | FakeTensor.__torch_dispatch__:7980 | ProxyTorchDispatchMode.__torch_dispatch__:16391
Dynamo produced 16 graphs covering 478 ops with 12 graph breaks (8 unique)
WARNING:__main__:Running smaller batch size=32 for PegasusForConditionalGeneration, orig batch_size=64
WARNING:__main__:Sequence Length not defined for PegasusForConditionalGeneration. Choosing 128 arbitrarily
cuda train PegasusForConditionalGeneration     1.017x p=0.05
TIMING: entire_frame_compile:29.56829 backend_compile:25.90431
STATS: call_* op count: 1244 | FakeTensorMode.__torch_dispatch__:87671 | FakeTensor.__torch_dispatch__:3806 | ProxyTorchDispatchMode.__torch_dispatch__:41596
Dynamo produced 7 graphs covering 1244 ops with 14 graph breaks (5 unique)
If you want to use `RobertaLMHeadModel` as a standalone, add `is_decoder=True.`
WARNING:__main__:Running smaller batch size=16 for RobertaForCausalLM, orig batch_size=32
cuda train RobertaForCausalLM                  1.255x p=0.00
TIMING: entire_frame_compile:15.13227 backend_compile:12.25889
STATS: call_* op count: 381 | FakeTensorMode.__torch_dispatch__:38899 | FakeTensor.__torch_dispatch__:7272 | ProxyTorchDispatchMode.__torch_dispatch__:17048
Dynamo produced 1 graphs covering 381 ops with 4 graph breaks (3 unique)
WARNING:__main__:Running smaller batch size=16 for RobertaForQuestionAnswering, orig batch_size=32
cuda train RobertaForQuestionAnswering         1.253x p=0.00
TIMING: entire_frame_compile:14.71192 backend_compile:11.83278
STATS: call_* op count: 384 | FakeTensorMode.__torch_dispatch__:38772 | FakeTensor.__torch_dispatch__:7174 | ProxyTorchDispatchMode.__torch_dispatch__:16969
Dynamo produced 1 graphs covering 384 ops with 4 graph breaks (3 unique)
WARNING:__main__:Running smaller batch size=256 for Speech2Text2ForCausalLM, orig batch_size=1024
WARNING:__main__:Sequence Length not defined for Speech2Text2ForCausalLM. Choosing 128 arbitrarily
cuda train Speech2Text2ForCausalLM             1.089x p=0.00
TIMING: entire_frame_compile:9.07376 backend_compile:7.33013
STATS: call_* op count: 261 | FakeTensorMode.__torch_dispatch__:19470 | FakeTensor.__torch_dispatch__:4042 | ProxyTorchDispatchMode.__torch_dispatch__:8369
Dynamo produced 10 graphs covering 261 ops with 12 graph breaks (8 unique)
WARNING:__main__:Running smaller batch size=4 for T5ForConditionalGeneration, orig batch_size=8
cuda train T5ForConditionalGeneration          1.216x p=0.00
TIMING: entire_frame_compile:17.84724 backend_compile:14.4796
STATS: call_* op count: 798 | FakeTensorMode.__torch_dispatch__:51225 | FakeTensor.__torch_dispatch__:5536 | ProxyTorchDispatchMode.__torch_dispatch__:24827
Dynamo produced 1 graphs covering 798 ops with 4 graph breaks (3 unique)
WARNING:__main__:Running smaller batch size=4 for T5Small, orig batch_size=8
cuda train T5Small                             1.221x p=0.00
TIMING: entire_frame_compile:18.38466 backend_compile:14.98852
STATS: call_* op count: 798 | FakeTensorMode.__torch_dispatch__:51225 | FakeTensor.__torch_dispatch__:5536 | ProxyTorchDispatchMode.__torch_dispatch__:24827
Dynamo produced 1 graphs covering 798 ops with 4 graph breaks (3 unique)
WARNING:__main__:Running smaller batch size=32 for TrOCRForCausalLM, orig batch_size=64
cuda train TrOCRForCausalLM                    Traceback (most recent call last):
  File "/scratch/voz/work/pytorch/benchmarks/dynamo/huggingface.py", line 593, in <module>
    huggingface_main()
  File "/scratch/voz/work/pytorch/benchmarks/dynamo/huggingface.py", line 589, in huggingface_main
    main(HuggingfaceRunner())
  File "/scratch/voz/work/pytorch/benchmarks/dynamo/common.py", line 1919, in main
    return maybe_fresh_cache(
  File "/scratch/voz/work/pytorch/benchmarks/dynamo/common.py", line 988, in inner
    return fn(*args, **kwargs)
  File "/scratch/voz/work/pytorch/benchmarks/dynamo/common.py", line 2308, in run
    runner.run_one_model(
  File "/scratch/voz/work/pytorch/benchmarks/dynamo/common.py", line 1473, in run_one_model
    status = self.run_performance_test(
  File "/scratch/voz/work/pytorch/benchmarks/dynamo/common.py", line 1446, in run_performance_test
    results.append(experiment(model, example_inputs, **experiment_kwargs))
  File "/scratch/voz/work/pytorch/benchmarks/dynamo/common.py", line 618, in speedup_experiment
    timings[rep, 0], expected_output = timed(
  File "/scratch/voz/work/pytorch/benchmarks/dynamo/common.py", line 426, in timed
    result = model_iter_fn(model, example_inputs, collect_outputs=collect_outputs)
  File "/scratch/voz/work/pytorch/benchmarks/dynamo/huggingface.py", line 492, in forward_and_backward_pass
    self.grad_scaler.scale(loss).backward()
  File "/data/home/voz/miniconda3/envs/benchmarks/lib/python3.10/site-packages/torch/_tensor.py", line 487, in backward
    torch.autograd.backward(
  File "/data/home/voz/miniconda3/envs/benchmarks/lib/python3.10/site-packages/torch/autograd/__init__.py", line 200, in backward
    Variable._execution_engine.run_backward(  # Calls into the C++ engine to run the backward pass
torch.cuda.OutOfMemoryError: CUDA out of memory. Tried to allocate 1.54 GiB (GPU 0; 39.56 GiB total capacity; 28.13 GiB already allocated; 1.32 GiB free; 37.67 GiB reserved in total by PyTorch) If reserved memory is >> allocated memory try setting max_split_size_mb to avoid fragmentation.  See documentation for Memory Management and PYTORCH_CUDA_ALLOC_CONF
ERROR
WARNING:__main__:Running smaller batch size=8 for XGLMForCausalLM, orig batch_size=32
WARNING:__main__:Sequence Length not defined for XGLMForCausalLM. Choosing 128 arbitrarily
cuda train XGLMForCausalLM                     1.134x p=0.00
TIMING: entire_frame_compile:25.96579 backend_compile:20.4896
STATS: call_* op count: 998 | FakeTensorMode.__torch_dispatch__:75766 | FakeTensor.__torch_dispatch__:14772 | ProxyTorchDispatchMode.__torch_dispatch__:34035
Dynamo produced 28 graphs covering 998 ops with 12 graph breaks (8 unique)
WARNING:__main__:Running smaller batch size=8 for XLNetLMHeadModel, orig batch_size=16
cuda train XLNetLMHeadModel                    1.537x p=0.00
TIMING: entire_frame_compile:46.54357 backend_compile:40.27105
STATS: call_* op count: 768 | FakeTensorMode.__torch_dispatch__:120194 | FakeTensor.__torch_dispatch__:14330 | ProxyTorchDispatchMode.__torch_dispatch__:56459
Dynamo produced 1 graphs covering 768 ops with 4 graph breaks (3 unique)
WARNING:__main__:Running smaller batch size=16 for YituTechConvBert, orig batch_size=32
cuda train YituTechConvBert                    1.165x p=0.00
TIMING: entire_frame_compile:22.04923 backend_compile:18.00181
STATS: call_* op count: 634 | FakeTensorMode.__torch_dispatch__:59954 | FakeTensor.__torch_dispatch__:10548 | ProxyTorchDispatchMode.__torch_dispatch__:26394
Dynamo produced 4 graphs covering 634 ops with 7 graph breaks (5 unique)
speedup             gmean=1.16x mean=1.172x
abs_latency         gmean=nanx mean=113.157x
compilation_latency mean=30.244 seconds
compression_ratio   mean=0.817x
eager_peak_mem      gmean=nanx mean=13.025x
dynamo_peak_mem     gmean=nanx mean=16.299x
calls_captured      gmean=nanx mean=655.833x
unique_graphs       gmean=nanx mean=17.476x
graph_breaks        gmean=nanx mean=27.452x
unique_graph_breaks gmean=nanx mean=5.071x
