WARNING:__main__:Running smaller batch size=4 for AlbertForMaskedLM, orig batch_size=8
cuda eval  AlbertForMaskedLM                   1.314x p=0.00
TIMING: entire_frame_compile:7.47917 backend_compile:5.93291
STATS: call_* op count: 439 | FakeTensorMode.__torch_dispatch__:15349 | FakeTensor.__torch_dispatch__:1324 | ProxyTorchDispatchMode.__torch_dispatch__:2954
Dynamo produced 1 graphs covering 439 ops with 0 graph breaks (0 unique)
WARNING:__main__:Running smaller batch size=4 for AlbertForQuestionAnswering, orig batch_size=8
cuda eval  AlbertForQuestionAnswering          1.309x p=0.00
TIMING: entire_frame_compile:8.18338 backend_compile:5.92755
STATS: call_* op count: 439 | FakeTensorMode.__torch_dispatch__:15398 | FakeTensor.__torch_dispatch__:1308 | ProxyTorchDispatchMode.__torch_dispatch__:2977
Dynamo produced 1 graphs covering 439 ops with 0 graph breaks (0 unique)
WARNING:__main__:Running smaller batch size=4 for AllenaiLongformerBase, orig batch_size=8
cuda eval  AllenaiLongformerBase               [2023-03-21 04:20:37,203] torch._inductor.utils: [WARNING] skipping cudagraphs due to multiple devices
[2023-03-21 04:20:37,237] torch._inductor.graph: [ERROR] Error from lowering
Traceback (most recent call last):
  File "/data/home/voz/miniconda3/envs/benchmarks/lib/python3.10/site-packages/torch/_inductor/graph.py", line 333, in call_function
    out = lowerings[target](*args, **kwargs)
  File "/data/home/voz/miniconda3/envs/benchmarks/lib/python3.10/site-packages/torch/_inductor/lowering.py", line 226, in wrapped
    validate_ir(out)
  File "/data/home/voz/miniconda3/envs/benchmarks/lib/python3.10/site-packages/torch/_inductor/ir.py", line 105, in validate_ir
    _check_tensorbox(node_or_nodes)
  File "/data/home/voz/miniconda3/envs/benchmarks/lib/python3.10/site-packages/torch/_inductor/ir.py", line 90, in _check_tensorbox
    assert isinstance(
AssertionError: Found <class 'torch._inductor.ir.DynamicScalar'>, which is not a supported top level IR node. See [Note: Inductor IR]
ERROR:common:Backend dynamo failed in warmup()
Traceback (most recent call last):
  File "/data/home/voz/miniconda3/envs/benchmarks/lib/python3.10/site-packages/torch/_inductor/graph.py", line 333, in call_function
    out = lowerings[target](*args, **kwargs)
  File "/data/home/voz/miniconda3/envs/benchmarks/lib/python3.10/site-packages/torch/_inductor/lowering.py", line 226, in wrapped
    validate_ir(out)
  File "/data/home/voz/miniconda3/envs/benchmarks/lib/python3.10/site-packages/torch/_inductor/ir.py", line 105, in validate_ir
    _check_tensorbox(node_or_nodes)
  File "/data/home/voz/miniconda3/envs/benchmarks/lib/python3.10/site-packages/torch/_inductor/ir.py", line 90, in _check_tensorbox
    assert isinstance(
AssertionError: Found <class 'torch._inductor.ir.DynamicScalar'>, which is not a supported top level IR node. See [Note: Inductor IR]

The above exception was the direct cause of the following exception:

Traceback (most recent call last):
  File "/data/home/voz/miniconda3/envs/benchmarks/lib/python3.10/site-packages/torch/_dynamo/output_graph.py", line 670, in call_user_compiler
    compiled_fn = compiler_fn(gm, self.fake_example_inputs())
  File "/data/home/voz/miniconda3/envs/benchmarks/lib/python3.10/site-packages/torch/_dynamo/debug_utils.py", line 1055, in debug_wrapper
    compiled_gm = compiler_fn(gm, example_inputs)
  File "/data/home/voz/miniconda3/envs/benchmarks/lib/python3.10/site-packages/torch/_dynamo/backends/inductor.py", line 9, in inductor
    return compile_fx(*args, **kwargs)
  File "/data/home/voz/miniconda3/envs/benchmarks/lib/python3.10/site-packages/torch/_inductor/compile_fx.py", line 455, in compile_fx
    return aot_autograd(
  File "/data/home/voz/miniconda3/envs/benchmarks/lib/python3.10/site-packages/torch/_dynamo/backends/common.py", line 48, in compiler_fn
    cg = aot_module_simplified(gm, example_inputs, **kwargs)
  File "/data/home/voz/miniconda3/envs/benchmarks/lib/python3.10/site-packages/torch/_functorch/aot_autograd.py", line 2805, in aot_module_simplified
    compiled_fn = create_aot_dispatcher_function(
  File "/data/home/voz/miniconda3/envs/benchmarks/lib/python3.10/site-packages/torch/_dynamo/utils.py", line 163, in time_wrapper
    r = func(*args, **kwargs)
  File "/data/home/voz/miniconda3/envs/benchmarks/lib/python3.10/site-packages/torch/_functorch/aot_autograd.py", line 2498, in create_aot_dispatcher_function
    compiled_fn = compiler_fn(flat_fn, fake_flat_args, aot_config)
  File "/data/home/voz/miniconda3/envs/benchmarks/lib/python3.10/site-packages/torch/_functorch/aot_autograd.py", line 1713, in aot_wrapper_dedupe
    return compiler_fn(flat_fn, leaf_flat_args, aot_config)
  File "/data/home/voz/miniconda3/envs/benchmarks/lib/python3.10/site-packages/torch/_functorch/aot_autograd.py", line 1326, in aot_dispatch_base
    compiled_fw = aot_config.fw_compiler(fw_module, flat_args_with_views_handled)
  File "/data/home/voz/miniconda3/envs/benchmarks/lib/python3.10/site-packages/torch/_dynamo/utils.py", line 163, in time_wrapper
    r = func(*args, **kwargs)
  File "/data/home/voz/miniconda3/envs/benchmarks/lib/python3.10/site-packages/torch/_inductor/compile_fx.py", line 430, in fw_compiler
    return inner_compile(
  File "/data/home/voz/miniconda3/envs/benchmarks/lib/python3.10/site-packages/torch/_dynamo/debug_utils.py", line 595, in debug_wrapper
    compiled_fn = compiler_fn(gm, example_inputs)
  File "/data/home/voz/miniconda3/envs/benchmarks/lib/python3.10/site-packages/torch/_inductor/debug.py", line 239, in inner
    return fn(*args, **kwargs)
  File "/data/home/voz/miniconda3/envs/benchmarks/lib/python3.10/contextlib.py", line 79, in inner
    return func(*args, **kwds)
  File "/data/home/voz/miniconda3/envs/benchmarks/lib/python3.10/site-packages/torch/_inductor/compile_fx.py", line 176, in compile_fx_inner
    graph.run(*example_inputs)
  File "/data/home/voz/miniconda3/envs/benchmarks/lib/python3.10/site-packages/torch/_dynamo/utils.py", line 163, in time_wrapper
    r = func(*args, **kwargs)
  File "/data/home/voz/miniconda3/envs/benchmarks/lib/python3.10/site-packages/torch/_inductor/graph.py", line 194, in run
    return super().run(*args)
  File "/data/home/voz/miniconda3/envs/benchmarks/lib/python3.10/site-packages/torch/fx/interpreter.py", line 136, in run
    self.env[node] = self.run_node(node)
  File "/data/home/voz/miniconda3/envs/benchmarks/lib/python3.10/site-packages/torch/_inductor/graph.py", line 407, in run_node
    result = super().run_node(n)
  File "/data/home/voz/miniconda3/envs/benchmarks/lib/python3.10/site-packages/torch/fx/interpreter.py", line 177, in run_node
    return getattr(self, n.op)(n.target, args, kwargs)
  File "/data/home/voz/miniconda3/envs/benchmarks/lib/python3.10/site-packages/torch/_inductor/graph.py", line 337, in call_function
    raise LoweringException(e, target, args, kwargs) from e
torch._inductor.exc.LoweringException: AssertionError: Found <class 'torch._inductor.ir.DynamicScalar'>, which is not a supported top level IR node. See [Note: Inductor IR]
  target: aten._local_scalar_dense.default
  args[0]: TensorBox(StorageBox(
    Pointwise(
      'cpu',
      torch.int64,
      tmp0 = constant(1024, torch.int64)
      tmp1 = constant(512, torch.int64)
      tmp2 = truncdiv(tmp0, tmp1)
      return tmp2
      ,
      ranges=(),
      origins={div}
    )
  ))

While executing %_local_scalar_dense : [#users=0] = call_function[target=torch.ops.aten._local_scalar_dense.default](args = (%div,), kwargs = {})
Original traceback:
  File "/data/home/voz/miniconda3/envs/benchmarks/lib/python3.10/site-packages/transformers/models/longformer/modeling_longformer.py", line 769, in _chunk
    hidden_states = hidden_states.view(
 |   File "/data/home/voz/miniconda3/envs/benchmarks/lib/python3.10/site-packages/transformers/models/longformer/modeling_longformer.py", line 839, in <graph break in _sliding_chunks_query_key_matmul>
    query = self._chunk(query, window_overlap, getattr(self.config, "onnx_export", False))


The above exception was the direct cause of the following exception:

Traceback (most recent call last):
  File "/scratch/voz/work/pytorch/benchmarks/dynamo/common.py", line 1376, in warmup
    fn(model, example_inputs)
  File "/data/home/voz/miniconda3/envs/benchmarks/lib/python3.10/site-packages/torch/_dynamo/eval_frame.py", line 209, in _fn
    return fn(*args, **kwargs)
  File "/scratch/voz/work/pytorch/benchmarks/dynamo/huggingface.py", line 484, in forward_pass
    return mod(**inputs)
  File "/data/home/voz/miniconda3/envs/benchmarks/lib/python3.10/site-packages/torch/nn/modules/module.py", line 1501, in _call_impl
    return forward_call(*args, **kwargs)
  File "/data/home/voz/miniconda3/envs/benchmarks/lib/python3.10/site-packages/transformers/models/longformer/modeling_longformer.py", line 1848, in forward
    outputs = self.longformer(
  File "/data/home/voz/miniconda3/envs/benchmarks/lib/python3.10/site-packages/torch/nn/modules/module.py", line 1501, in _call_impl
    return forward_call(*args, **kwargs)
  File "/data/home/voz/miniconda3/envs/benchmarks/lib/python3.10/site-packages/transformers/models/longformer/modeling_longformer.py", line 1750, in forward
    encoder_outputs = self.encoder(
  File "/data/home/voz/miniconda3/envs/benchmarks/lib/python3.10/site-packages/torch/nn/modules/module.py", line 1501, in _call_impl
    return forward_call(*args, **kwargs)
  File "/data/home/voz/miniconda3/envs/benchmarks/lib/python3.10/site-packages/transformers/models/longformer/modeling_longformer.py", line 1294, in forward
    is_global_attn = is_index_global_attn.flatten().any().item()
  File "/data/home/voz/miniconda3/envs/benchmarks/lib/python3.10/site-packages/transformers/models/longformer/modeling_longformer.py", line 1326, in <graph break in forward>
    layer_outputs = layer_module(
  File "/data/home/voz/miniconda3/envs/benchmarks/lib/python3.10/site-packages/torch/nn/modules/module.py", line 1501, in _call_impl
    return forward_call(*args, **kwargs)
  File "/data/home/voz/miniconda3/envs/benchmarks/lib/python3.10/site-packages/transformers/models/longformer/modeling_longformer.py", line 1249, in forward
    self_attn_outputs = self.attention(
  File "/data/home/voz/miniconda3/envs/benchmarks/lib/python3.10/site-packages/torch/nn/modules/module.py", line 1501, in _call_impl
    return forward_call(*args, **kwargs)
  File "/data/home/voz/miniconda3/envs/benchmarks/lib/python3.10/site-packages/transformers/models/longformer/modeling_longformer.py", line 1185, in forward
    self_outputs = self.self(
  File "/data/home/voz/miniconda3/envs/benchmarks/lib/python3.10/site-packages/torch/nn/modules/module.py", line 1501, in _call_impl
    return forward_call(*args, **kwargs)
  File "/data/home/voz/miniconda3/envs/benchmarks/lib/python3.10/site-packages/transformers/models/longformer/modeling_longformer.py", line 574, in forward
    attn_scores = self._sliding_chunks_query_key_matmul(
  File "/data/home/voz/miniconda3/envs/benchmarks/lib/python3.10/site-packages/transformers/models/longformer/modeling_longformer.py", line 839, in _sliding_chunks_query_key_matmul
    query = self._chunk(query, window_overlap, getattr(self.config, "onnx_export", False))
  File "/data/home/voz/miniconda3/envs/benchmarks/lib/python3.10/site-packages/torch/_dynamo/eval_frame.py", line 337, in catch_errors
    return callback(frame, cache_size, hooks)
  File "/data/home/voz/miniconda3/envs/benchmarks/lib/python3.10/site-packages/torch/_dynamo/convert_frame.py", line 404, in _convert_frame
    result = inner_convert(frame, cache_size, hooks)
  File "/data/home/voz/miniconda3/envs/benchmarks/lib/python3.10/site-packages/torch/_dynamo/convert_frame.py", line 104, in _fn
    return fn(*args, **kwargs)
  File "/data/home/voz/miniconda3/envs/benchmarks/lib/python3.10/site-packages/torch/_dynamo/convert_frame.py", line 262, in _convert_frame_assert
    return _compile(
  File "/data/home/voz/miniconda3/envs/benchmarks/lib/python3.10/site-packages/torch/_dynamo/utils.py", line 163, in time_wrapper
    r = func(*args, **kwargs)
  File "/data/home/voz/miniconda3/envs/benchmarks/lib/python3.10/site-packages/torch/_dynamo/convert_frame.py", line 324, in _compile
    out_code = transform_code_object(code, transform)
  File "/data/home/voz/miniconda3/envs/benchmarks/lib/python3.10/site-packages/torch/_dynamo/bytecode_transformation.py", line 445, in transform_code_object
    transformations(instructions, code_options)
  File "/data/home/voz/miniconda3/envs/benchmarks/lib/python3.10/site-packages/torch/_dynamo/convert_frame.py", line 311, in transform
    tracer.run()
  File "/data/home/voz/miniconda3/envs/benchmarks/lib/python3.10/site-packages/torch/_dynamo/symbolic_convert.py", line 1726, in run
    super().run()
  File "/data/home/voz/miniconda3/envs/benchmarks/lib/python3.10/site-packages/torch/_dynamo/symbolic_convert.py", line 576, in run
    and self.step()
  File "/data/home/voz/miniconda3/envs/benchmarks/lib/python3.10/site-packages/torch/_dynamo/symbolic_convert.py", line 540, in step
    getattr(self, inst.opname)(inst)
  File "/data/home/voz/miniconda3/envs/benchmarks/lib/python3.10/site-packages/torch/_dynamo/symbolic_convert.py", line 372, in wrapper
    self.output.compile_subgraph(self, reason=reason)
  File "/data/home/voz/miniconda3/envs/benchmarks/lib/python3.10/site-packages/torch/_dynamo/output_graph.py", line 541, in compile_subgraph
    self.compile_and_call_fx_graph(tx, pass2.graph_output_vars(), root)
  File "/data/home/voz/miniconda3/envs/benchmarks/lib/python3.10/site-packages/torch/_dynamo/output_graph.py", line 588, in compile_and_call_fx_graph
    compiled_fn = self.call_user_compiler(gm)
  File "/data/home/voz/miniconda3/envs/benchmarks/lib/python3.10/site-packages/torch/_dynamo/utils.py", line 163, in time_wrapper
    r = func(*args, **kwargs)
  File "/data/home/voz/miniconda3/envs/benchmarks/lib/python3.10/site-packages/torch/_dynamo/output_graph.py", line 675, in call_user_compiler
    raise BackendCompilerFailed(self.compiler_fn, e) from e
torch._dynamo.exc.BackendCompilerFailed: inductor raised LoweringException: AssertionError: Found <class 'torch._inductor.ir.DynamicScalar'>, which is not a supported top level IR node. See [Note: Inductor IR]
  target: aten._local_scalar_dense.default
  args[0]: TensorBox(StorageBox(
    Pointwise(
      'cpu',
      torch.int64,
      tmp0 = constant(1024, torch.int64)
      tmp1 = constant(512, torch.int64)
      tmp2 = truncdiv(tmp0, tmp1)
      return tmp2
      ,
      ranges=(),
      origins={div}
    )
  ))

While executing %_local_scalar_dense : [#users=0] = call_function[target=torch.ops.aten._local_scalar_dense.default](args = (%div,), kwargs = {})
Original traceback:
  File "/data/home/voz/miniconda3/envs/benchmarks/lib/python3.10/site-packages/transformers/models/longformer/modeling_longformer.py", line 769, in _chunk
    hidden_states = hidden_states.view(
 |   File "/data/home/voz/miniconda3/envs/benchmarks/lib/python3.10/site-packages/transformers/models/longformer/modeling_longformer.py", line 839, in <graph break in _sliding_chunks_query_key_matmul>
    query = self._chunk(query, window_overlap, getattr(self.config, "onnx_export", False))


Set torch._dynamo.config.verbose=True for more information


You can suppress this exception and fall back to eager by setting:
    torch._dynamo.config.suppress_errors = True

ERROR
WARNING:__main__:Running smaller batch size=4 for BartForCausalLM, orig batch_size=8
cuda eval  BartForCausalLM                     1.336x p=0.00
TIMING: entire_frame_compile:7.73494 backend_compile:5.96109
STATS: call_* op count: 482 | FakeTensorMode.__torch_dispatch__:16785 | FakeTensor.__torch_dispatch__:1350 | ProxyTorchDispatchMode.__torch_dispatch__:3292
Dynamo produced 14 graphs covering 482 ops with 7 graph breaks (5 unique)
WARNING:__main__:Running smaller batch size=2 for BartForConditionalGeneration, orig batch_size=4
cuda eval  BartForConditionalGeneration        1.170x p=0.00
TIMING: entire_frame_compile:16.22729 backend_compile:11.80345
STATS: call_* op count: 1258 | FakeTensorMode.__torch_dispatch__:42094 | FakeTensor.__torch_dispatch__:3134 | ProxyTorchDispatchMode.__torch_dispatch__:8480
Dynamo produced 1 graphs covering 1258 ops with 0 graph breaks (0 unique)
WARNING:__main__:Running smaller batch size=16 for BertForMaskedLM, orig batch_size=32
cuda eval  BertForMaskedLM                     1.343x p=0.00
TIMING: entire_frame_compile:7.89861 backend_compile:6.05972
STATS: call_* op count: 370 | FakeTensorMode.__torch_dispatch__:17151 | FakeTensor.__torch_dispatch__:1614 | ProxyTorchDispatchMode.__torch_dispatch__:3274
Dynamo produced 1 graphs covering 370 ops with 0 graph breaks (0 unique)
WARNING:__main__:Running smaller batch size=16 for BertForQuestionAnswering, orig batch_size=32
cuda eval  BertForQuestionAnswering            1.371x p=0.00
TIMING: entire_frame_compile:7.64934 backend_compile:5.86284
STATS: call_* op count: 377 | FakeTensorMode.__torch_dispatch__:17269 | FakeTensor.__torch_dispatch__:1598 | ProxyTorchDispatchMode.__torch_dispatch__:3313
Dynamo produced 1 graphs covering 377 ops with 0 graph breaks (0 unique)
WARNING:__main__:Running smaller batch size=4 for BlenderbotForCausalLM, orig batch_size=32
cuda eval  BlenderbotForCausalLM               1.056x p=0.00
TIMING: entire_frame_compile:13.56825 backend_compile:9.58769
STATS: call_* op count: 934 | FakeTensorMode.__torch_dispatch__:32323 | FakeTensor.__torch_dispatch__:2868 | ProxyTorchDispatchMode.__torch_dispatch__:6373
Dynamo produced 26 graphs covering 934 ops with 7 graph breaks (5 unique)
WARNING:__main__:Running smaller batch size=64 for BlenderbotSmallForCausalLM, orig batch_size=256
cuda eval  BlenderbotSmallForCausalLM          1.326x p=0.00
TIMING: entire_frame_compile:5.97388 backend_compile:4.65825
STATS: call_* op count: 327 | FakeTensorMode.__torch_dispatch__:11583 | FakeTensor.__torch_dispatch__:966 | ProxyTorchDispatchMode.__torch_dispatch__:2248
Dynamo produced 10 graphs covering 327 ops with 7 graph breaks (5 unique)
WARNING:__main__:Running smaller batch size=64 for BlenderbotSmallForConditionalGeneration, orig batch_size=128
cuda eval  BlenderbotSmallForConditionalGeneration  1.209x p=0.00
TIMING: entire_frame_compile:10.9971 backend_compile:8.5318
STATS: call_* op count: 840 | FakeTensorMode.__torch_dispatch__:28148 | FakeTensor.__torch_dispatch__:2108 | ProxyTorchDispatchMode.__torch_dispatch__:5670
Dynamo produced 1 graphs covering 840 ops with 0 graph breaks (0 unique)
WARNING:__main__:Running smaller batch size=16 for CamemBert, orig batch_size=32
cuda eval  CamemBert                           1.345x p=0.00
TIMING: entire_frame_compile:7.75737 backend_compile:5.96802
STATS: call_* op count: 377 | FakeTensorMode.__torch_dispatch__:17245 | FakeTensor.__torch_dispatch__:1614 | ProxyTorchDispatchMode.__torch_dispatch__:3296
Dynamo produced 1 graphs covering 377 ops with 0 graph breaks (0 unique)
WARNING:__main__:Running smaller batch size=4 for DebertaForMaskedLM, orig batch_size=32
cuda eval  DebertaForMaskedLM                  [2023-03-21 04:24:58,370] torch._inductor.utils: [WARNING] skipping cudagraphs due to input mutation
1.213x p=0.00
TIMING: entire_frame_compile:9.9749 backend_compile:6.74785
STATS: call_* op count: 712 | FakeTensorMode.__torch_dispatch__:20576 | FakeTensor.__torch_dispatch__:1136 | ProxyTorchDispatchMode.__torch_dispatch__:3908
Dynamo produced 53 graphs covering 712 ops with 47 graph breaks (8 unique)
WARNING:__main__:Running smaller batch size=8 for DebertaForQuestionAnswering, orig batch_size=32
cuda eval  DebertaForQuestionAnswering         [2023-03-21 04:25:27,920] torch._inductor.utils: [WARNING] skipping cudagraphs due to input mutation
1.046x p=0.00
TIMING: entire_frame_compile:10.92761 backend_compile:6.78054
STATS: call_* op count: 719 | FakeTensorMode.__torch_dispatch__:20694 | FakeTensor.__torch_dispatch__:1120 | ProxyTorchDispatchMode.__torch_dispatch__:3947
Dynamo produced 53 graphs covering 719 ops with 47 graph breaks (8 unique)
WARNING:__main__:Running smaller batch size=1 for DebertaV2ForMaskedLM, orig batch_size=8
cuda eval  DebertaV2ForMaskedLM                [2023-03-21 04:26:10,421] torch._inductor.utils: [WARNING] skipping cudagraphs due to input mutation
1.085x p=0.00
TIMING: entire_frame_compile:15.39767 backend_compile:9.45242
STATS: call_* op count: 917 | FakeTensorMode.__torch_dispatch__:38216 | FakeTensor.__torch_dispatch__:3814 | ProxyTorchDispatchMode.__torch_dispatch__:6301
Dynamo produced 101 graphs covering 917 ops with 83 graph breaks (8 unique)
WARNING:__main__:Running smaller batch size=2 for DebertaV2ForQuestionAnswering, orig batch_size=8
cuda eval  DebertaV2ForQuestionAnswering       [2023-03-21 04:27:01,348] torch._inductor.utils: [WARNING] skipping cudagraphs due to input mutation
0.916x p=0.00
TIMING: entire_frame_compile:16.64725 backend_compile:9.90856
STATS: call_* op count: 924 | FakeTensorMode.__torch_dispatch__:38334 | FakeTensor.__torch_dispatch__:3798 | ProxyTorchDispatchMode.__torch_dispatch__:6340
Dynamo produced 101 graphs covering 924 ops with 83 graph breaks (8 unique)
WARNING:__main__:Running smaller batch size=128 for DistilBertForMaskedLM, orig batch_size=256
WARNING:__main__:Sequence Length not defined for DistilBertForMaskedLM. Choosing 128 arbitrarily
cuda eval  DistilBertForMaskedLM               1.223x p=0.00
TIMING: entire_frame_compile:5.76723 backend_compile:4.10563
STATS: call_* op count: 206 | FakeTensorMode.__torch_dispatch__:8864 | FakeTensor.__torch_dispatch__:636 | ProxyTorchDispatchMode.__torch_dispatch__:1804
Dynamo produced 1 graphs covering 206 ops with 0 graph breaks (0 unique)
WARNING:__main__:Running smaller batch size=256 for DistilBertForQuestionAnswering, orig batch_size=512
WARNING:__main__:Sequence Length not defined for DistilBertForQuestionAnswering. Choosing 128 arbitrarily
cuda eval  DistilBertForQuestionAnswering      1.208x p=0.00
TIMING: entire_frame_compile:5.72842 backend_compile:4.06683
STATS: call_* op count: 214 | FakeTensorMode.__torch_dispatch__:8982 | FakeTensor.__torch_dispatch__:620 | ProxyTorchDispatchMode.__torch_dispatch__:1843
Dynamo produced 1 graphs covering 214 ops with 0 graph breaks (0 unique)
WARNING:__main__:Running smaller batch size=16 for DistillGPT2, orig batch_size=32
cuda eval  DistillGPT2                         1.726x p=0.00
TIMING: entire_frame_compile:5.28875 backend_compile:4.34244
STATS: call_* op count: 330 | FakeTensorMode.__torch_dispatch__:8403 | FakeTensor.__torch_dispatch__:372 | ProxyTorchDispatchMode.__torch_dispatch__:1713
Dynamo produced 1 graphs covering 330 ops with 0 graph breaks (0 unique)
If you want to use `ElectraForCausalLM` as a standalone, add `is_decoder=True.`
WARNING:__main__:Running smaller batch size=32 for ElectraForCausalLM, orig batch_size=64
cuda eval  ElectraForCausalLM                  1.676x p=0.00
TIMING: entire_frame_compile:8.06097 backend_compile:6.29597
STATS: call_* op count: 375 | FakeTensorMode.__torch_dispatch__:17463 | FakeTensor.__torch_dispatch__:1649 | ProxyTorchDispatchMode.__torch_dispatch__:3324
Dynamo produced 4 graphs covering 375 ops with 3 graph breaks (2 unique)
WARNING:__main__:Running smaller batch size=64 for ElectraForQuestionAnswering, orig batch_size=128
cuda eval  ElectraForQuestionAnswering         1.509x p=0.00
TIMING: entire_frame_compile:8.77332 backend_compile:5.96405
STATS: call_* op count: 378 | FakeTensorMode.__torch_dispatch__:17399 | FakeTensor.__torch_dispatch__:1614 | ProxyTorchDispatchMode.__torch_dispatch__:3331
Dynamo produced 1 graphs covering 378 ops with 0 graph breaks (0 unique)
WARNING:__main__:Running smaller batch size=4 for GPT2ForSequenceClassification, orig batch_size=8
cuda eval  GPT2ForSequenceClassification       1.913x p=0.00
TIMING: entire_frame_compile:7.92096 backend_compile:6.28871
STATS: call_* op count: 644 | FakeTensorMode.__torch_dispatch__:15848 | FakeTensor.__torch_dispatch__:712 | ProxyTorchDispatchMode.__torch_dispatch__:3229
Dynamo produced 1 graphs covering 644 ops with 0 graph breaks (0 unique)
WARNING:__main__:Running smaller batch size=16 for GoogleFnet, orig batch_size=32
cuda eval  GoogleFnet                          1.633x p=0.00
TIMING: entire_frame_compile:5.29253 backend_compile:4.28253
STATS: call_* op count: 209 | FakeTensorMode.__torch_dispatch__:7513 | FakeTensor.__torch_dispatch__:650 | ProxyTorchDispatchMode.__torch_dispatch__:1567
Dynamo produced 28 graphs covering 209 ops with 41 graph breaks (4 unique)
WARNING:__main__:Running smaller batch size=16 for LayoutLMForMaskedLM, orig batch_size=32
cuda eval  LayoutLMForMaskedLM                 1.367x p=0.00
TIMING: entire_frame_compile:8.2775 backend_compile:5.98291
STATS: call_* op count: 396 | FakeTensorMode.__torch_dispatch__:18568 | FakeTensor.__torch_dispatch__:2092 | ProxyTorchDispatchMode.__torch_dispatch__:3425
Dynamo produced 1 graphs covering 396 ops with 0 graph breaks (0 unique)
WARNING:__main__:Running smaller batch size=16 for LayoutLMForSequenceClassification, orig batch_size=32
cuda eval  LayoutLMForSequenceClassification   1.401x p=0.00
TIMING: entire_frame_compile:7.77639 backend_compile:5.82719
STATS: call_* op count: 394 | FakeTensorMode.__torch_dispatch__:18335 | FakeTensor.__torch_dispatch__:2072 | ProxyTorchDispatchMode.__torch_dispatch__:3375
Dynamo produced 1 graphs covering 394 ops with 0 graph breaks (0 unique)
WARNING:__main__:Running smaller batch size=16 for M2M100ForConditionalGeneration, orig batch_size=64
WARNING:__main__:Sequence Length not defined for M2M100ForConditionalGeneration. Choosing 128 arbitrarily
cuda eval  M2M100ForConditionalGeneration      1.168x p=0.00
TIMING: entire_frame_compile:17.17863 backend_compile:12.01907
STATS: call_* op count: 1266 | FakeTensorMode.__torch_dispatch__:42771 | FakeTensor.__torch_dispatch__:3539 | ProxyTorchDispatchMode.__torch_dispatch__:8421
Dynamo produced 19 graphs covering 1266 ops with 13 graph breaks (4 unique)
WARNING:__main__:Running smaller batch size=4 for MBartForCausalLM, orig batch_size=8
cuda eval  MBartForCausalLM                    1.323x p=0.00
TIMING: entire_frame_compile:8.0182 backend_compile:6.18839
STATS: call_* op count: 481 | FakeTensorMode.__torch_dispatch__:16870 | FakeTensor.__torch_dispatch__:1540 | ProxyTorchDispatchMode.__torch_dispatch__:3290
Dynamo produced 14 graphs covering 481 ops with 7 graph breaks (5 unique)
